2015-10-03 19:48:38 INFO  ContextLoader:187 - Root WebApplicationContext: initialization started
2015-10-03 19:48:38 INFO  XmlWebApplicationContext:456 - Refreshing Root WebApplicationContext: startup date [Sat Oct 03 19:48:38 MDT 2015]; root of context hierarchy
2015-10-03 19:48:38 INFO  XmlBeanDefinitionReader:315 - Loading XML bean definitions from ServletContext resource [/WEB-INF/application.xml]
2015-10-03 19:48:38 INFO  DefaultListableBeanFactory:549 - Pre-instantiating singletons in org.springframework.beans.factory.support.DefaultListableBeanFactory@541b0eeb: defining beans [dataSource,jdbcTemplate,entityManagerFactory,transactionManager,jpaTemplate,org.springframework.aop.config.internalAutoProxyCreator,org.springframework.transaction.annotation.AnnotationTransactionAttributeSource#0,org.springframework.transaction.interceptor.TransactionInterceptor#0,org.springframework.transaction.config.internalTransactionAdvisor]; root of factory hierarchy
2015-10-03 19:48:38 INFO  LocalContainerEntityManagerFactoryBean:221 - Building JPA container EntityManagerFactory for persistence unit 'avalonSystemPersistence'
2015-10-03 19:48:39 INFO  Version:37 - HCANN000001: Hibernate Commons Annotations {4.0.1.Final}
2015-10-03 19:48:39 INFO  Version:41 - HHH000412: Hibernate Core {4.1.4.Final}
2015-10-03 19:48:39 INFO  Environment:239 - HHH000206: hibernate.properties not found
2015-10-03 19:48:39 INFO  Environment:342 - HHH000021: Bytecode provider name : javassist
2015-10-03 19:48:39 INFO  Ejb3Configuration:527 - HHH000204: Processing PersistenceUnitInfo [
	name: avalonSystemPersistence
	...]
2015-10-03 19:48:39 INFO  ConnectionProviderInitiator:188 - HHH000130: Instantiating explicit connection provider: org.hibernate.ejb.connection.InjectedDataSourceConnectionProvider
2015-10-03 19:48:40 INFO  Dialect:122 - HHH000400: Using dialect: org.hibernate.dialect.Oracle9iDialect
2015-10-03 19:48:40 INFO  LobCreatorBuilder:120 - HHH000424: Disabling contextual LOB creation as createClob() method threw error : java.lang.reflect.InvocationTargetException
2015-10-03 19:48:40 INFO  TransactionFactoryInitiator:73 - HHH000268: Transaction strategy: org.hibernate.engine.transaction.internal.jdbc.JdbcTransactionFactory
2015-10-03 19:48:40 INFO  ASTQueryTranslatorFactory:48 - HHH000397: Using ASTQueryTranslatorFactory
2015-10-03 19:48:40 INFO  Version:56 - Hibernate Validator 4.0.2.GA
2015-10-03 19:48:40 INFO  DefaultTraversableResolver:89 - Instantiated an instance of org.hibernate.validator.engine.resolver.JPATraversableResolver.
2015-10-03 19:48:40 INFO  DefaultTraversableResolver:89 - Instantiated an instance of org.hibernate.validator.engine.resolver.JPATraversableResolver.
2015-10-03 19:48:40 INFO  SchemaUpdate:182 - HHH000228: Running hbm2ddl schema update
2015-10-03 19:48:40 INFO  SchemaUpdate:193 - HHH000102: Fetching database metadata
2015-10-03 19:48:40 INFO  SchemaUpdate:205 - HHH000396: Updating schema
2015-10-03 19:48:41 INFO  TableMetadata:65 - HHH000261: Table found: SYSTEM.BOOK
2015-10-03 19:48:41 INFO  TableMetadata:66 - HHH000037: Columns: [id, author, title, price, isbn]
2015-10-03 19:48:41 INFO  TableMetadata:68 - HHH000108: Foreign keys: []
2015-10-03 19:48:41 INFO  TableMetadata:69 - HHH000126: Indexes: [sys_c0033919]
2015-10-03 19:48:41 INFO  TableMetadata:65 - HHH000261: Table found: SYSTEM.CUSTOMER
2015-10-03 19:48:41 INFO  TableMetadata:66 - HHH000037: Columns: [id, zip, customerid, email, street, state, lastname, login, firstname, notes, password, companyname, telephone, passwordconfirmed, country, city]
2015-10-03 19:48:41 INFO  TableMetadata:68 - HHH000108: Foreign keys: []
2015-10-03 19:48:41 INFO  TableMetadata:69 - HHH000126: Indexes: [customer_pk]
2015-10-03 19:48:41 INFO  TableMetadata:65 - HHH000261: Table found: OE.ORDERS
2015-10-03 19:48:41 INFO  TableMetadata:66 - HHH000037: Columns: [order_total, sales_rep_id, order_mode, order_date, order_id, order_status, customer_id, promotion_id]
2015-10-03 19:48:41 INFO  TableMetadata:68 - HHH000108: Foreign keys: [orders_customer_id_fk]
2015-10-03 19:48:41 INFO  TableMetadata:69 - HHH000126: Indexes: [ord_customer_ix, ord_order_date_ix, order_pk, ord_sales_rep_ix]
2015-10-03 19:48:41 INFO  TableMetadata:65 - HHH000261: Table found: SYSTEM.ORDERS_BOOK
2015-10-03 19:48:41 INFO  TableMetadata:66 - HHH000037: Columns: [booksordered_id, orders_id]
2015-10-03 19:48:41 INFO  TableMetadata:68 - HHH000108: Foreign keys: [fk18b39823e584c5c1, fk18b39823d0d011a2]
2015-10-03 19:48:41 INFO  TableMetadata:69 - HHH000126: Indexes: []
2015-10-03 19:48:41 ERROR SchemaUpdate:235 - HHH000388: Unsuccessful: alter table ORDERS add id number(10,0) not null
2015-10-03 19:48:41 ERROR SchemaUpdate:236 - ORA-01430: column being added already exists in table

2015-10-03 19:48:41 ERROR SchemaUpdate:235 - HHH000388: Unsuccessful: alter table ORDERS add giftWrap number(1,0) not null
2015-10-03 19:48:41 ERROR SchemaUpdate:236 - ORA-01430: column being added already exists in table

2015-10-03 19:48:41 ERROR SchemaUpdate:235 - HHH000388: Unsuccessful: alter table ORDERS add constraint FK8B7256E5F8D302FB foreign key (customer_id) references Customer
2015-10-03 19:48:41 ERROR SchemaUpdate:236 - ORA-02267: column type incompatible with referenced column type

2015-10-03 19:48:41 INFO  SchemaUpdate:240 - HHH000232: Schema update complete
2015-10-03 19:48:41 INFO  ContextLoader:214 - Root WebApplicationContext: initialization completed in 2759 ms
2015-10-03 19:48:41 INFO  DispatcherServlet:301 - FrameworkServlet 'Dispatcher': initialization started
2015-10-03 19:48:41 INFO  XmlWebApplicationContext:456 - Refreshing WebApplicationContext for namespace 'Dispatcher-servlet': startup date [Sat Oct 03 19:48:41 MDT 2015]; parent: Root WebApplicationContext
2015-10-03 19:48:41 INFO  XmlBeanDefinitionReader:315 - Loading XML bean definitions from ServletContext resource [/WEB-INF/Dispatcher-servlet.xml]
2015-10-03 19:48:41 INFO  ClassPathBeanDefinitionScanner:178 - JSR-250 'javax.annotation.ManagedBean' found and supported for component scanning
2015-10-03 19:48:41 INFO  DefaultListableBeanFactory:549 - Pre-instantiating singletons in org.springframework.beans.factory.support.DefaultListableBeanFactory@31017e98: defining beans [cartManagementController,createNewBookController,findByAuthorController,viewAllBooksController,accountServiceDao,bookServiceDao,cart,bookValidator,accountsService,bookService,org.springframework.context.annotation.internalConfigurationAnnotationProcessor,org.springframework.context.annotation.internalAutowiredAnnotationProcessor,org.springframework.context.annotation.internalRequiredAnnotationProcessor,org.springframework.context.annotation.internalCommonAnnotationProcessor,org.springframework.context.annotation.internalPersistenceAnnotationProcessor,messageSource,org.springframework.web.servlet.mvc.annotation.DefaultAnnotationHandlerMapping#0,org.springframework.format.support.FormattingConversionServiceFactoryBean#0,org.springframework.validation.beanvalidation.LocalValidatorFactoryBean#0,org.springframework.web.servlet.mvc.annotation.AnnotationMethodHandlerAdapter#0,org.springframework.web.servlet.handler.MappedInterceptor#0,viewResolver,viewResolverURL,flowExecutor,org.springframework.binding.convert.service.DefaultConversionService#0,org.springframework.webflow.expression.spel.WebFlowSpringELExpressionParser#0,org.springframework.webflow.mvc.builder.MvcViewFactoryCreator#0,org.springframework.webflow.engine.builder.support.FlowBuilderServices#0,flowRegistry,flowMappings,org.springframework.webflow.mvc.servlet.FlowHandlerAdapter#0]; parent: org.springframework.beans.factory.support.DefaultListableBeanFactory@541b0eeb
2015-10-03 19:48:41 INFO  DefaultAnnotationHandlerMapping:411 - Mapped URL path [/addToCart] onto handler [cartManagementController]
2015-10-03 19:48:41 INFO  DefaultAnnotationHandlerMapping:411 - Mapped URL path [/addToCart.*] onto handler [cartManagementController]
2015-10-03 19:48:41 INFO  DefaultAnnotationHandlerMapping:411 - Mapped URL path [/addToCart/] onto handler [cartManagementController]
2015-10-03 19:48:41 INFO  DefaultAnnotationHandlerMapping:411 - Mapped URL path [/viewCart] onto handler [cartManagementController]
2015-10-03 19:48:41 INFO  DefaultAnnotationHandlerMapping:411 - Mapped URL path [/viewCart.*] onto handler [cartManagementController]
2015-10-03 19:48:41 INFO  DefaultAnnotationHandlerMapping:411 - Mapped URL path [/viewCart/] onto handler [cartManagementController]
2015-10-03 19:48:41 INFO  DefaultAnnotationHandlerMapping:411 - Mapped URL path [/deletFromCart] onto handler [cartManagementController]
2015-10-03 19:48:41 INFO  DefaultAnnotationHandlerMapping:411 - Mapped URL path [/deletFromCart.*] onto handler [cartManagementController]
2015-10-03 19:48:41 INFO  DefaultAnnotationHandlerMapping:411 - Mapped URL path [/deletFromCart/] onto handler [cartManagementController]
2015-10-03 19:48:41 INFO  DefaultAnnotationHandlerMapping:411 - Mapped URL path [/addNewBook] onto handler [com.virtualpairprogrammers.control.CreateNewBookController@891cbfb]
2015-10-03 19:48:41 INFO  DefaultAnnotationHandlerMapping:411 - Mapped URL path [/addNewBook.*] onto handler [com.virtualpairprogrammers.control.CreateNewBookController@891cbfb]
2015-10-03 19:48:41 INFO  DefaultAnnotationHandlerMapping:411 - Mapped URL path [/addNewBook/] onto handler [com.virtualpairprogrammers.control.CreateNewBookController@891cbfb]
2015-10-03 19:48:41 INFO  DefaultAnnotationHandlerMapping:411 - Mapped URL path [/findByAuthor] onto handler [com.virtualpairprogrammers.control.FindByAuthorController@57e06a96]
2015-10-03 19:48:41 INFO  DefaultAnnotationHandlerMapping:411 - Mapped URL path [/findByAuthor.*] onto handler [com.virtualpairprogrammers.control.FindByAuthorController@57e06a96]
2015-10-03 19:48:41 INFO  DefaultAnnotationHandlerMapping:411 - Mapped URL path [/findByAuthor/] onto handler [com.virtualpairprogrammers.control.FindByAuthorController@57e06a96]
2015-10-03 19:48:41 INFO  DefaultAnnotationHandlerMapping:411 - Mapped URL path [/looseSearch] onto handler [com.virtualpairprogrammers.control.FindByAuthorController@57e06a96]
2015-10-03 19:48:41 INFO  DefaultAnnotationHandlerMapping:411 - Mapped URL path [/looseSearch.*] onto handler [com.virtualpairprogrammers.control.FindByAuthorController@57e06a96]
2015-10-03 19:48:41 INFO  DefaultAnnotationHandlerMapping:411 - Mapped URL path [/looseSearch/] onto handler [com.virtualpairprogrammers.control.FindByAuthorController@57e06a96]
2015-10-03 19:48:41 INFO  DefaultAnnotationHandlerMapping:411 - Mapped URL path [/viewAllBooks] onto handler [com.virtualpairprogrammers.control.ViewAllBooksController@3d897864]
2015-10-03 19:48:41 INFO  DefaultAnnotationHandlerMapping:411 - Mapped URL path [/viewAllBooks.*] onto handler [com.virtualpairprogrammers.control.ViewAllBooksController@3d897864]
2015-10-03 19:48:41 INFO  DefaultAnnotationHandlerMapping:411 - Mapped URL path [/viewAllBooks/] onto handler [com.virtualpairprogrammers.control.ViewAllBooksController@3d897864]
2015-10-03 19:48:41 INFO  DefaultAnnotationHandlerMapping:411 - Mapped URL path [/viewAllBooksPDF] onto handler [com.virtualpairprogrammers.control.ViewAllBooksController@3d897864]
2015-10-03 19:48:41 INFO  DefaultAnnotationHandlerMapping:411 - Mapped URL path [/viewAllBooksPDF.*] onto handler [com.virtualpairprogrammers.control.ViewAllBooksController@3d897864]
2015-10-03 19:48:41 INFO  DefaultAnnotationHandlerMapping:411 - Mapped URL path [/viewAllBooksPDF/] onto handler [com.virtualpairprogrammers.control.ViewAllBooksController@3d897864]
2015-10-03 19:48:41 INFO  DefaultAnnotationHandlerMapping:411 - Mapped URL path [/viewAllBooksEXCEL] onto handler [com.virtualpairprogrammers.control.ViewAllBooksController@3d897864]
2015-10-03 19:48:41 INFO  DefaultAnnotationHandlerMapping:411 - Mapped URL path [/viewAllBooksEXCEL.*] onto handler [com.virtualpairprogrammers.control.ViewAllBooksController@3d897864]
2015-10-03 19:48:41 INFO  DefaultAnnotationHandlerMapping:411 - Mapped URL path [/viewAllBooksEXCEL/] onto handler [com.virtualpairprogrammers.control.ViewAllBooksController@3d897864]
2015-10-03 19:48:41 INFO  DefaultTraversableResolver:89 - Instantiated an instance of org.hibernate.validator.engine.resolver.JPATraversableResolver.
2015-10-03 19:48:42 INFO  DispatcherServlet:320 - FrameworkServlet 'Dispatcher': initialization completed in 842 ms
2015-10-03 19:49:00 INFO  GenericWebApplicationContext:456 - Refreshing org.springframework.web.context.support.GenericWebApplicationContext@506ff349: startup date [Sat Oct 03 19:49:00 MDT 2015]; parent: WebApplicationContext for namespace 'Dispatcher-servlet'
2015-10-03 19:49:00 INFO  DefaultListableBeanFactory:549 - Pre-instantiating singletons in org.springframework.beans.factory.support.DefaultListableBeanFactory@7e1f579e: defining beans [booksReportPDF,booksReportEXCEL]; parent: org.springframework.beans.factory.support.DefaultListableBeanFactory@31017e98
